2024-10-03 13:51:35.286 [main] INFO  org.testng.internal.Utils - [TestNG] Time taken by org.testng.reporters.XMLReporter@cb03411: 22 ms
2024-10-03 13:51:35.325 [main] INFO  org.testng.internal.Utils - [TestNG] Time taken by org.testng.reporters.EmailableReporter2@9d7ccfe: 21 ms
2024-10-03 13:51:35.341 [main] INFO  org.testng.internal.Utils - [TestNG] Time taken by org.testng.reporters.JUnitReportReporter@3effd4f3: 14 ms
2024-10-03 13:51:35.341 [main] INFO  org.testng.internal.Utils - [TestNG] Time taken by org.testng.internal.ExitCodeListener@41f4fe5: 0 ms
2024-10-03 21:32:57.150 [main] DEBUG org.testng.TestNG - suiteXmlPath: "C:\Users\avgur\eclipse-workspace\OpenCartVer1.0\testng.xml"
2024-10-03 21:32:57.849 [main] INFO  org.testng.internal.Utils - [TestNG] Running:
  C:\Users\avgur\eclipse-workspace\OpenCartVer1.0\testng.xml

2024-10-03 21:33:06.151 [main] INFO  testCases.TC001_AccountRegistrationTest - *** Starting TC001_AccountRegistrationTest ***
2024-10-03 21:33:24.833 [main] ERROR testCases.TC001_AccountRegistrationTest - Test failed...
2024-10-03 21:33:24.834 [main] DEBUG testCases.TC001_AccountRegistrationTest - Debug logs...
2024-10-03 21:35:14.749 [main] DEBUG org.testng.TestNG - suiteXmlPath: "C:\Users\avgur\eclipse-workspace\OpenCartVer1.0\testng.xml"
2024-10-03 21:35:15.307 [main] INFO  org.testng.internal.Utils - [TestNG] Running:
  C:\Users\avgur\eclipse-workspace\OpenCartVer1.0\testng.xml

2024-10-03 21:36:07.139 [main] INFO  testCases.TC001_AccountRegistrationTest - *** Starting TC001_AccountRegistrationTest ***
2024-10-03 21:36:48.266 [main] ERROR testCases.TC001_AccountRegistrationTest - Test failed...
2024-10-03 21:36:48.267 [main] DEBUG testCases.TC001_AccountRegistrationTest - Debug logs...
2024-10-03 21:37:11.741 [main] DEBUG org.testng.TestNG - suiteXmlPath: "C:\Users\avgur\eclipse-workspace\OpenCartVer1.0\testng.xml"
2024-10-03 21:37:12.320 [main] INFO  org.testng.internal.Utils - [TestNG] Running:
  C:\Users\avgur\eclipse-workspace\OpenCartVer1.0\testng.xml

2024-10-03 21:37:26.070 [main] INFO  testCases.TC001_AccountRegistrationTest - *** Starting TC001_AccountRegistrationTest ***
2024-10-03 21:37:43.377 [main] ERROR testCases.TC001_AccountRegistrationTest - Test failed...
2024-10-03 21:37:43.377 [main] DEBUG testCases.TC001_AccountRegistrationTest - Debug logs...
2024-10-03 21:45:28.084 [main] DEBUG org.testng.TestNG - suiteXmlPath: "C:\Users\avgur\eclipse-workspace\OpenCartVer1.0\crossbrowsertesting.xml"
2024-10-03 21:45:28.678 [main] INFO  org.testng.internal.Utils - [TestNG] Running:
  C:\Users\avgur\eclipse-workspace\OpenCartVer1.0\crossbrowsertesting.xml

2024-10-03 21:45:35.909 [main] INFO  testCases.TC001_AccountRegistrationTest - *** Starting TC001_AccountRegistrationTest ***
2024-10-03 21:45:51.762 [main] ERROR testCases.TC001_AccountRegistrationTest - Test failed...
2024-10-03 21:45:51.763 [main] DEBUG testCases.TC001_AccountRegistrationTest - Debug logs...
2024-10-03 21:46:08.395 [main] INFO  testCases.TC001_AccountRegistrationTest - *** Starting TC001_AccountRegistrationTest ***
2024-10-03 21:46:24.573 [main] ERROR testCases.TC001_AccountRegistrationTest - Test failed...
2024-10-03 21:46:24.573 [main] DEBUG testCases.TC001_AccountRegistrationTest - Debug logs...
2024-10-03 21:46:37.977 [main] INFO  testCases.TC001_AccountRegistrationTest - *** Starting TC001_AccountRegistrationTest ***
2024-10-03 21:47:12.931 [main] ERROR testCases.TC001_AccountRegistrationTest - Test failed...
2024-10-03 21:47:12.931 [main] DEBUG testCases.TC001_AccountRegistrationTest - Debug logs...
2024-10-03 21:50:40.610 [main] DEBUG org.testng.TestNG - suiteXmlPath: "C:\Users\avgur\eclipse-workspace\OpenCartVer1.0\crossbrowsertesting.xml"
2024-10-03 21:50:41.226 [main] INFO  org.testng.internal.Utils - [TestNG] Running:
  C:\Users\avgur\eclipse-workspace\OpenCartVer1.0\crossbrowsertesting.xml

2024-10-03 21:50:58.548 [TestNG-tests-2] INFO  testCases.TC001_AccountRegistrationTest - *** Starting TC001_AccountRegistrationTest ***
2024-10-03 21:50:59.410 [TestNG-tests-1] INFO  testCases.TC001_AccountRegistrationTest - *** Starting TC001_AccountRegistrationTest ***
2024-10-03 21:51:00.081 [TestNG-tests-3] INFO  testCases.TC001_AccountRegistrationTest - *** Starting TC001_AccountRegistrationTest ***
2024-10-03 21:51:17.637 [TestNG-tests-2] ERROR testCases.TC001_AccountRegistrationTest - Test failed...
2024-10-03 21:51:17.637 [TestNG-tests-2] DEBUG testCases.TC001_AccountRegistrationTest - Debug logs...
2024-10-03 21:51:17.898 [TestNG-tests-1] ERROR testCases.TC001_AccountRegistrationTest - Test failed...
2024-10-03 21:51:17.899 [TestNG-tests-1] DEBUG testCases.TC001_AccountRegistrationTest - Debug logs...
2024-10-03 21:51:51.454 [TestNG-tests-3] ERROR testCases.TC001_AccountRegistrationTest - Test failed...
2024-10-03 21:51:51.455 [TestNG-tests-3] DEBUG testCases.TC001_AccountRegistrationTest - Debug logs...
2024-10-03 22:52:29.447 [main] DEBUG org.testng.TestNG - suiteXmlPath: "C:\Users\avgur\eclipse-workspace\OpenCartVer1.0\master.xml"
